<?xml version="1.0" encoding="UTF-8"?>
<!-- Generated by org.testng.reporters.JUnitReportReporter -->
<testsuite hostname="DESKTOP-FB45CQP" failures="0" tests="18" name="tests.TestRun" time="9.654" errors="0" timestamp="2023-11-15T12:43:25 EST" skipped="0">
  <testcase classname="tests.TestRun" name="runTest4" time="0.031"/>
  <testcase classname="tests.TestRun" name="runTest4" time="0.061"/>
  <testcase classname="tests.TestRun" name="runTest3" time="0.212"/>
  <testcase classname="tests.TestRun" name="runTest2" time="0.164"/>
  <testcase classname="tests.TestRun" name="runTest3" time="0.211"/>
  <testcase classname="tests.TestRun" name="runTest2" time="0.099"/>
  <testcase classname="tests.TestRun" name="runTest6" time="0.047"/>
  <testcase classname="tests.TestRun" name="runTest6" time="0.028"/>
  <testcase classname="tests.TestRun" name="runTest4" time="0.060"/>
  <testcase classname="tests.TestRun" name="runTest1" time="0.248"/>
  <testcase classname="tests.TestRun" name="runTest1" time="0.259"/>
  <testcase classname="tests.TestRun" name="runTest5" time="0.792"/>
  <testcase classname="tests.TestRun" name="runTest1" time="0.250"/>
  <testcase classname="tests.TestRun" name="runTest6" time="0.049"/>
  <testcase classname="tests.TestRun" name="runTest2" time="0.138"/>
  <testcase classname="tests.TestRun" name="runTest5" time="3.781"/>
  <testcase classname="tests.TestRun" name="runTest3" time="0.521"/>
  <testcase classname="tests.TestRun" name="runTest5" time="2.703"/>
</testsuite> <!-- tests.TestRun -->
