<?xml version="1.0" encoding="UTF-8"?>
<!-- Generated by org.testng.reporters.JUnitReportReporter -->
<testsuite hostname="DESKTOP-FB45CQP" failures="0" tests="18" name="tests.TestSetup" time="25.606" errors="0" timestamp="2023-11-14T13:38:14 EST" skipped="0">
  <testcase classname="tests.TestSetup" name="runTest6" time="0.045"/>
  <testcase classname="tests.TestSetup" name="runTest5" time="9.573"/>
  <testcase classname="tests.TestSetup" name="runTest5" time="4.914"/>
  <testcase classname="tests.TestSetup" name="runTest2" time="0.237"/>
  <testcase classname="tests.TestSetup" name="runTest6" time="0.139"/>
  <testcase classname="tests.TestSetup" name="runTest2" time="0.261"/>
  <testcase classname="tests.TestSetup" name="runTest3" time="0.305"/>
  <testcase classname="tests.TestSetup" name="runTest5" time="7.944"/>
  <testcase classname="tests.TestSetup" name="runTest3" time="0.517"/>
  <testcase classname="tests.TestSetup" name="runTest1" time="0.258"/>
  <testcase classname="tests.TestSetup" name="runTest4" time="0.045"/>
  <testcase classname="tests.TestSetup" name="runTest3" time="0.300"/>
  <testcase classname="tests.TestSetup" name="runTest4" time="0.133"/>
  <testcase classname="tests.TestSetup" name="runTest4" time="0.121"/>
  <testcase classname="tests.TestSetup" name="runTest1" time="0.268"/>
  <testcase classname="tests.TestSetup" name="runTest2" time="0.126"/>
  <testcase classname="tests.TestSetup" name="runTest1" time="0.282"/>
  <testcase classname="tests.TestSetup" name="runTest6" time="0.138"/>
</testsuite> <!-- tests.TestSetup -->
